<?xml version="1.0" encoding="UTF-8"?>
<!-- Generated by org.testng.reporters.JUnitReportReporter -->
<testsuite hostname="DESKTOP-CSD2510" failures="0" tests="27" name="TestScenarios.TestMethods" time="141.780" errors="0" timestamp="2024-05-30T15:21:23 IST" skipped="0">
  <testcase classname="TestScenarios.TestMethods" name="Account" time="2.369"/>
  <testcase classname="TestScenarios.TestMethods" name="FillAccountDetails" time="3.067"/>
  <testcase classname="TestScenarios.TestMethods" name="WhatsNew" time="1.786"/>
  <testcase classname="TestScenarios.TestMethods" name="Hoodies" time="2.328"/>
  <testcase classname="TestScenarios.TestMethods" name="ClickPic" time="10.064"/>
  <testcase classname="TestScenarios.TestMethods" name="SeSize" time="10.030"/>
  <testcase classname="TestScenarios.TestMethods" name="SeColor" time="0.081"/>
  <testcase classname="TestScenarios.TestMethods" name="AddCart" time="0.090"/>
  <testcase classname="TestScenarios.TestMethods" name="ClickMoreInfo" time="4.220"/>
  <testcase classname="TestScenarios.TestMethods" name="GoHome" time="1.730"/>
  <testcase classname="TestScenarios.TestMethods" name="search" time="4.749"/>
  <testcase classname="TestScenarios.TestMethods" name="Sort" time="10.085"/>
  <testcase classname="TestScenarios.TestMethods" name="ShowDrop" time="10.049"/>
  <testcase classname="TestScenarios.TestMethods" name="CartClick" time="0.084"/>
  <testcase classname="TestScenarios.TestMethods" name="AcrendingOrder" time="10.055"/>
  <testcase classname="TestScenarios.TestMethods" name="ClickShort" time="10.045"/>
  <testcase classname="TestScenarios.TestMethods" name="ItemGrid" time="2.078"/>
  <testcase classname="TestScenarios.TestMethods" name="CategoryCl" time="2.064"/>
  <testcase classname="TestScenarios.TestMethods" name="Sale" time="5.427"/>
  <testcase classname="TestScenarios.TestMethods" name="Stle" time="10.020"/>
  <testcase classname="TestScenarios.TestMethods" name="Luggage" time="10.019"/>
  <testcase classname="TestScenarios.TestMethods" name="ForwardArrow" time="5.020"/>
  <testcase classname="TestScenarios.TestMethods" name="BackwardArrow" time="10.046"/>
  <testcase classname="TestScenarios.TestMethods" name="clickBagging" time="10.038"/>
  <testcase classname="TestScenarios.TestMethods" name="HomepageafteraddingItemtoCart" time="1.948"/>
  <testcase classname="TestScenarios.TestMethods" name="Signin" time="4.080"/>
  <testcase classname="TestScenarios.TestMethods" name="login" time="0.208"/>
</testsuite> <!-- TestScenarios.TestMethods -->
